\BOOKMARK [0][-]{dummy.5}{\376\377\000L\000i\000s\000t\000\040\000o\000f\000\040\000S\000y\000m\000b\000o\000l\000s}{}
\BOOKMARK [0][-]{dummy.8}{\376\377\000A\000c\000k\000n\000o\000w\000l\000e\000d\000g\000e\000m\000e\000n\000t\000s}{}
\BOOKMARK [0][-]{chapter.9}{\376\377\0001\000\040\000H\000a\000r\000d\000w\000a\000r\000e}{}
\BOOKMARK [1][-]{section.10}{\376\377\0001\000.\0001\000\040\000H\000a\000r\000d\000w\000a\000r\000e\000\040\000O\000v\000e\000r\000v\000i\000e\000w}{chapter.9}
\BOOKMARK [1][-]{section.12}{\376\377\0001\000.\0002\000\040\000P\000C\000B\000\040\000\050\000i\000n\000t\000e\000r\000f\000a\000c\000e\000\040\000b\000o\000a\000r\000d\000\051}{chapter.9}
\BOOKMARK [2][-]{subsection.13}{\376\377\0001\000.\0002\000.\0001\000\040\000B\0001\000\040\000\050\000D\000U\000T\000\040\000t\000e\000s\000t\000i\000n\000g\000\040\000b\000o\000a\000r\000d\000\051}{section.12}
\BOOKMARK [3][-]{subsubsection.14}{\376\377\0001\000.\0002\000.\0001\000.\0001\000\040\000D\000U\000T}{subsection.13}
\BOOKMARK [3][-]{subsubsection.15}{\376\377\0001\000.\0002\000.\0001\000.\0002\000\040\000D\000i\000g\000i\000t\000a\000l\000\040\000P\000a\000r\000t}{subsection.13}
\BOOKMARK [4][-]{section*.16}{\376\377\000D\000e\000c\000o\000d\000e\000r}{subsubsection.15}
\BOOKMARK [4][-]{section*.17}{\376\377\000S\000w\000i\000t\000c\000h\000\040\000A\000r\000r\000a\000y}{subsubsection.15}
\BOOKMARK [3][-]{subsubsection.18}{\376\377\0001\000.\0002\000.\0001\000.\0003\000\040\000A\000n\000a\000l\000o\000g\000\040\000P\000a\000r\000t}{subsection.13}
\BOOKMARK [4][-]{section*.20}{\376\377\000B\000u\000f\000f\000e\000r}{subsubsection.18}
\BOOKMARK [4][-]{section*.21}{\376\377\000A\000D\000C}{subsubsection.18}
\BOOKMARK [4][-]{section*.22}{\376\377\000B\000u\000t\000t\000e\000r\000w\000o\000r\000t\000h\000\040\000F\000i\000l\000t\000e\000r}{subsubsection.18}
\BOOKMARK [4][-]{section*.23}{\376\377\000S\000e\000p\000a\000r\000a\000t\000e\000\040\000P\000o\000w\000e\000r\000\040\000S\000u\000p\000p\000l\000i\000e\000s}{subsubsection.18}
\BOOKMARK [2][-]{subsection.24}{\376\377\0001\000.\0002\000.\0002\000\040\000B\0002\000\040\000\050\000V\000i\000r\000t\000u\000a\000l\000\040\000d\000e\000s\000i\000g\000n\000\040\000b\000o\000a\000r\000d\000\051}{section.12}
\BOOKMARK [3][-]{subsubsection.25}{\376\377\0001\000.\0002\000.\0002\000.\0001\000\040\000S\000l\000a\000v\000e\000\040\000F\000P\000G\000A}{subsection.24}
\BOOKMARK [3][-]{subsubsection.26}{\376\377\0001\000.\0002\000.\0002\000.\0002\000\040\000S\000e\000r\000i\000a\000l\000\040\000C\000o\000n\000f\000i\000g\000u\000r\000a\000t\000i\000o\000n\000\040\000D\000e\000v\000i\000c\000e}{subsection.24}
\BOOKMARK [3][-]{subsubsection.27}{\376\377\0001\000.\0002\000.\0002\000.\0003\000\040\000E\000x\000t\000e\000r\000n\000a\000l\000\040\000O\000s\000c\000i\000l\000l\000a\000t\000o\000r}{subsection.24}
\BOOKMARK [3][-]{subsubsection.28}{\376\377\0001\000.\0002\000.\0002\000.\0004\000\040\000V\000o\000l\000t\000a\000g\000e\000\040\000R\000e\000g\000u\000l\000a\000t\000o\000r}{subsection.24}
\BOOKMARK [4][-]{section*.29}{\376\377\0001\000.\0002\000V\000\040\000V\000o\000l\000t\000a\000g\000e\000\040\000R\000e\000g\000u\000l\000a\000t\000o\000r\000\040\000L\000D\0001\0001\0001\0007}{subsubsection.28}
\BOOKMARK [4][-]{section*.30}{\376\377\0002\000.\0005\000V\000\040\000V\000o\000l\000t\000a\000g\000e\000\040\000R\000e\000g\000u\000l\000a\000t\000o\000r\000\040\000T\000P\000S\0007\0008\0002\0002\0005}{subsubsection.28}
\BOOKMARK [3][-]{subsubsection.31}{\376\377\0001\000.\0002\000.\0002\000.\0005\000\040\000H\000S\000M\000C\000\040\000H\000e\000a\000d\000e\000r}{subsection.24}
\BOOKMARK [1][-]{section.32}{\376\377\0001\000.\0003\000\040\000P\000C\000B\000\040\000\050\000v\000i\000r\000t\000u\000a\000l\000\040\000d\000e\000s\000i\000g\000n\000\040\000b\000o\000a\000r\000d\000\051}{chapter.9}
\BOOKMARK [1][-]{section.33}{\376\377\0001\000.\0004\000\040\000H\000S\000M\000C\000\040\000b\000o\000a\000r\000d\000-\000t\000o\000-\000b\000o\000a\000r\000d\000\040\000i\000n\000t\000e\000r\000f\000a\000c\000e}{chapter.9}
\BOOKMARK [1][-]{section.34}{\376\377\0001\000.\0005\000\040\000C\000h\000i\000p\000\040\000T\000e\000s\000t\000e\000r\000\040\000\050\000V\000e\000r\000i\000l\000o\000g\000\040\000M\000o\000d\000u\000l\000e\000\051}{chapter.9}
\BOOKMARK [1][-]{section.35}{\376\377\0001\000.\0006\000\040\000S\000R\000A\000M\000\040\000A\000r\000b\000i\000t\000e\000r\000\040\000\050\000s\000r\000a\000m\000\137\000a\000r\000b\000\137\000s\000y\000n\000c\000.\000v\000\051}{chapter.9}
\BOOKMARK [0][-]{dummy.38}{\376\377\000B\000i\000b\000l\000i\000o\000g\000r\000a\000p\000h\000y}{}
